<?xml version="1.0" encoding="UTF-8"?>
<testng-results ignored="0" total="1" passed="1" failed="0" skipped="0">
  <reporter-output>
  </reporter-output>
  <suite started-at="2021-12-13T15:39:02 IST" name="Default suite" finished-at="2021-12-13T15:39:04 IST" duration-ms="2616">
    <groups>
    </groups>
    <test started-at="2021-12-13T15:39:02 IST" name="Default test" finished-at="2021-12-13T15:39:04 IST" duration-ms="2616">
      <class name="com.rmgyantra.Authentication.OAuthTest">
        <test-method signature="oauth2()[pri:0, instance:com.rmgyantra.Authentication.OAuthTest@7c24b813]" started-at="2021-12-13T15:39:02 IST" name="oauth2" finished-at="2021-12-13T15:39:04 IST" duration-ms="2585" status="PASS">
          <reporter-output>
          </reporter-output>
        </test-method> <!-- oauth2 -->
      </class> <!-- com.rmgyantra.Authentication.OAuthTest -->
    </test> <!-- Default test -->
  </suite> <!-- Default suite -->
</testng-results>
